<?xml version="1.0" encoding="UTF-8"?>
<testsuite name="com.lec.spring.repository.BookRepositoryTest" tests="1" skipped="0" failures="0" errors="0" timestamp="2024-01-09T00:22:28" hostname="DESKTOP-HUJUVSS" time="0.668">
  <properties/>
  <testcase name="queryTest1()" classname="com.lec.spring.repository.BookRepositoryTest" time="0.668"/>
  <system-out><![CDATA[09:22:24.009 [Test worker] INFO org.springframework.test.context.support.AnnotationConfigContextLoaderUtils -- Could not detect default configuration classes for test class [com.lec.spring.repository.BookRepositoryTest]: BookRepositoryTest does not declare any static, non-private, non-final, nested classes annotated with @Configuration.
09:22:24.139 [Test worker] INFO org.springframework.boot.test.context.SpringBootTestContextBootstrapper -- Found @SpringBootConfiguration com.lec.spring.Bt60JpaApplication for test class com.lec.spring.repository.BookRepositoryTest

  .   ____          _            __ _ _
 /\\ / ___'_ __ _ _(_)_ __  __ _ \ \ \ \
( ( )\___ | '_ | '_| | '_ \/ _` | \ \ \ \
 \\/  ___)| |_)| | | | | || (_| |  ) ) ) )
  '  |____| .__|_| |_|_| |_\__, | / / / /
 =========|_|==============|___/=/_/_/_/
?[32m :: Spring Boot :: ?[39m              ?[2m (v3.2.1)?[0;39m

?[2m2024-01-09T09:22:24.580+09:00?[0;39m ?[32m INFO?[0;39m ?[35m8416?[0;39m ?[2m---?[0;39m ?[2m[    Test worker]?[0;39m ?[2m?[0;39m?[36mc.l.s.repository.BookRepositoryTest     ?[0;39m ?[2m:?[0;39m Starting BookRepositoryTest using Java 17.0.9 with PID 8416 (started by Administrator in D:\kdt907\Dropbox\K07\KdtSpring\SpringWork\Bt60_JPA)
?[2m2024-01-09T09:22:24.581+09:00?[0;39m ?[32m INFO?[0;39m ?[35m8416?[0;39m ?[2m---?[0;39m ?[2m[    Test worker]?[0;39m ?[2m?[0;39m?[36mc.l.s.repository.BookRepositoryTest     ?[0;39m ?[2m:?[0;39m No active profile set, falling back to 1 default profile: "default"
?[2m2024-01-09T09:22:25.266+09:00?[0;39m ?[32m INFO?[0;39m ?[35m8416?[0;39m ?[2m---?[0;39m ?[2m[    Test worker]?[0;39m ?[2m?[0;39m?[36m.s.d.r.c.RepositoryConfigurationDelegate?[0;39m ?[2m:?[0;39m Bootstrapping Spring Data JPA repositories in DEFAULT mode.
?[2m2024-01-09T09:22:25.328+09:00?[0;39m ?[32m INFO?[0;39m ?[35m8416?[0;39m ?[2m---?[0;39m ?[2m[    Test worker]?[0;39m ?[2m?[0;39m?[36m.s.d.r.c.RepositoryConfigurationDelegate?[0;39m ?[2m:?[0;39m Finished Spring Data repository scanning in 49 ms. Found 1 JPA repository interface.
?[2m2024-01-09T09:22:25.695+09:00?[0;39m ?[32m INFO?[0;39m ?[35m8416?[0;39m ?[2m---?[0;39m ?[2m[    Test worker]?[0;39m ?[2m?[0;39m?[36mcom.zaxxer.hikari.HikariDataSource      ?[0;39m ?[2m:?[0;39m HikariPool-1 - Starting...
?[2m2024-01-09T09:22:25.905+09:00?[0;39m ?[32m INFO?[0;39m ?[35m8416?[0;39m ?[2m---?[0;39m ?[2m[    Test worker]?[0;39m ?[2m?[0;39m?[36mcom.zaxxer.hikari.pool.HikariPool       ?[0;39m ?[2m:?[0;39m HikariPool-1 - Added connection conn0: url=jdbc:h2:mem:test user=SA
?[2m2024-01-09T09:22:25.906+09:00?[0;39m ?[32m INFO?[0;39m ?[35m8416?[0;39m ?[2m---?[0;39m ?[2m[    Test worker]?[0;39m ?[2m?[0;39m?[36mcom.zaxxer.hikari.HikariDataSource      ?[0;39m ?[2m:?[0;39m HikariPool-1 - Start completed.
?[2m2024-01-09T09:22:25.964+09:00?[0;39m ?[32m INFO?[0;39m ?[35m8416?[0;39m ?[2m---?[0;39m ?[2m[    Test worker]?[0;39m ?[2m?[0;39m?[36mo.hibernate.jpa.internal.util.LogHelper ?[0;39m ?[2m:?[0;39m HHH000204: Processing PersistenceUnitInfo [name: default]
?[2m2024-01-09T09:22:26.082+09:00?[0;39m ?[32m INFO?[0;39m ?[35m8416?[0;39m ?[2m---?[0;39m ?[2m[    Test worker]?[0;39m ?[2m?[0;39m?[36morg.hibernate.Version                   ?[0;39m ?[2m:?[0;39m HHH000412: Hibernate ORM core version 6.4.1.Final
?[2m2024-01-09T09:22:26.139+09:00?[0;39m ?[32m INFO?[0;39m ?[35m8416?[0;39m ?[2m---?[0;39m ?[2m[    Test worker]?[0;39m ?[2m?[0;39m?[36mo.h.c.internal.RegionFactoryInitiator   ?[0;39m ?[2m:?[0;39m HHH000026: Second-level cache disabled
?[2m2024-01-09T09:22:26.443+09:00?[0;39m ?[32m INFO?[0;39m ?[35m8416?[0;39m ?[2m---?[0;39m ?[2m[    Test worker]?[0;39m ?[2m?[0;39m?[36mo.s.o.j.p.SpringPersistenceUnitInfo     ?[0;39m ?[2m:?[0;39m No LoadTimeWeaver setup: ignoring JPA class transformer
?[2m2024-01-09T09:22:27.336+09:00?[0;39m ?[32m INFO?[0;39m ?[35m8416?[0;39m ?[2m---?[0;39m ?[2m[    Test worker]?[0;39m ?[2m?[0;39m?[36mo.h.e.t.j.p.i.JtaPlatformInitiator      ?[0;39m ?[2m:?[0;39m HHH000489: No JTA platform available (set 'hibernate.transaction.jta.platform' to enable JTA platform integration)
Hibernate: 
    drop table if exists book cascade 
Hibernate: 
    create table book (
        created_at timestamp(6),
        id bigint generated by default as identity,
        updated_at timestamp(6),
        category varchar(255),
        name varchar(255),
        primary key (id)
    )
?[2m2024-01-09T09:22:27.372+09:00?[0;39m ?[32m INFO?[0;39m ?[35m8416?[0;39m ?[2m---?[0;39m ?[2m[    Test worker]?[0;39m ?[2m?[0;39m?[36mj.LocalContainerEntityManagerFactoryBean?[0;39m ?[2m:?[0;39m Initialized JPA EntityManagerFactory for persistence unit 'default'
?[2m2024-01-09T09:22:27.504+09:00?[0;39m ?[33m WARN?[0;39m ?[35m8416?[0;39m ?[2m---?[0;39m ?[2m[    Test worker]?[0;39m ?[2m?[0;39m?[36mJpaBaseConfiguration$JpaWebConfiguration?[0;39m ?[2m:?[0;39m spring.jpa.open-in-view is enabled by default. Therefore, database queries may be performed during view rendering. Explicitly configure spring.jpa.open-in-view to disable this warning
?[2m2024-01-09T09:22:28.120+09:00?[0;39m ?[32m INFO?[0;39m ?[35m8416?[0;39m ?[2m---?[0;39m ?[2m[    Test worker]?[0;39m ?[2m?[0;39m?[36mo.s.d.j.r.query.QueryEnhancerFactory    ?[0;39m ?[2m:?[0;39m Hibernate is in classpath; If applicable, HQL parser will be used.
?[2m2024-01-09T09:22:28.585+09:00?[0;39m ?[32m INFO?[0;39m ?[35m8416?[0;39m ?[2m---?[0;39m ?[2m[    Test worker]?[0;39m ?[2m?[0;39m?[36mc.l.s.repository.BookRepositoryTest     ?[0;39m ?[2m:?[0;39m Started BookRepositoryTest in 4.268 seconds (process running for 5.404)
────────────────────────────────────────
[ queryTest1() ] 호출
Hibernate: 
    select
        b1_0.id,
        b1_0.category,
        b1_0.created_at,
        b1_0.name,
        b1_0.updated_at 
    from
        book b1_0 
    where
        b1_0.category is null 
        and b1_0.name=? 
        and b1_0.created_at>=? 
        and b1_0.updated_at>=?
커스텀 쿼리 야호[]
────────────────────────────────────────

]]></system-out>
  <system-err><![CDATA[]]></system-err>
</testsuite>
